<?xml version="1.0" encoding="UTF-8"?>
<coverage generated="1643023575958" clover="3.2.0">
  <project timestamp="1643023575958" name="All files">
    <metrics statements="23" coveredstatements="11" conditionals="5" coveredconditionals="1" methods="11" coveredmethods="2" elements="39" coveredelements="14" complexity="0" loc="23" ncloc="23" packages="3" files="5" classes="5"/>
    <package name="actions">
      <metrics statements="9" coveredstatements="5" conditionals="0" coveredconditionals="0" methods="4" coveredmethods="0"/>
      <file name="bitcoin.js" path="C:\Users\sjnai\OneDrive\Documents\POCO Training\Loot-check\src\actions\bitcoin.js">
        <metrics statements="5" coveredstatements="1" conditionals="0" coveredconditionals="0" methods="4" coveredmethods="0"/>
        <line num="3" count="1" type="stmt"/>
        <line num="4" count="0" type="stmt"/>
        <line num="5" count="0" type="stmt"/>
        <line num="6" count="0" type="stmt"/>
        <line num="7" count="0" type="stmt"/>
      </file>
      <file name="constants.js" path="C:\Users\sjnai\OneDrive\Documents\POCO Training\Loot-check\src\actions\constants.js">
        <metrics statements="4" coveredstatements="4" conditionals="0" coveredconditionals="0" methods="0" coveredmethods="0"/>
        <line num="1" count="2" type="stmt"/>
        <line num="2" count="2" type="stmt"/>
        <line num="3" count="2" type="stmt"/>
        <line num="4" count="2" type="stmt"/>
      </file>
    </package>
    <package name="component">
      <metrics statements="10" coveredstatements="3" conditionals="2" coveredconditionals="0" methods="6" coveredmethods="1"/>
      <file name="App.js" path="C:\Users\sjnai\OneDrive\Documents\POCO Training\Loot-check\src\component\App.js">
        <metrics statements="2" coveredstatements="2" conditionals="0" coveredconditionals="0" methods="1" coveredmethods="1"/>
        <line num="5" count="1" type="stmt"/>
        <line num="6" count="1" type="stmt"/>
      </file>
      <file name="Loot.js" path="C:\Users\sjnai\OneDrive\Documents\POCO Training\Loot-check\src\component\Loot.js">
        <metrics statements="8" coveredstatements="1" conditionals="2" coveredconditionals="0" methods="5" coveredmethods="0"/>
        <line num="7" count="0" type="stmt"/>
        <line num="11" count="0" type="stmt"/>
        <line num="13" count="0" type="cond" truecount="0" falsecount="2"/>
        <line num="15" count="0" type="stmt"/>
        <line num="19" count="0" type="stmt"/>
        <line num="25" count="1" type="stmt"/>
        <line num="26" count="0" type="stmt"/>
        <line num="29" count="0" type="stmt"/>
      </file>
    </package>
    <package name="reducers">
      <metrics statements="4" coveredstatements="3" conditionals="3" coveredconditionals="1" methods="1" coveredmethods="1"/>
      <file name="bitcoin.js" path="C:\Users\sjnai\OneDrive\Documents\POCO Training\Loot-check\src\reducers\bitcoin.js">
        <metrics statements="4" coveredstatements="3" conditionals="3" coveredconditionals="1" methods="1" coveredmethods="1"/>
        <line num="3" count="1" type="cond" truecount="0" falsecount="1"/>
        <line num="4" count="1" type="cond" truecount="1" falsecount="1"/>
        <line num="6" count="1" type="stmt"/>
        <line num="8" count="0" type="stmt"/>
      </file>
    </package>
  </project>
</coverage>
