{"C:\\Users\\sjnai\\OneDrive\\Documents\\POCO Training\\Loot-check\\src\\component\\App.js": {"path":"C:\\Users\\sjnai\\OneDrive\\Documents\\POCO Training\\Loot-check\\src\\component\\App.js","statementMap":{"0":{"start":{"line":5,"column":12},"end":{"line":16,"column":1}},"1":{"start":{"line":6,"column":4},"end":{"line":15,"column":5}}},"fnMap":{"0":{"name":"(anonymous_0)","decl":{"start":{"line":5,"column":12},"end":{"line":5,"column":13}},"loc":{"start":{"line":5,"column":18},"end":{"line":16,"column":1}},"line":5}},"branchMap":{},"s":{"0":1,"1":1},"f":{"0":1},"b":{},"_coverageSchema":"1a1c01bbd47fc00a2c39e90264f33305004495a9","hash":"bcc9b792b91454b002ba1d8f32e9cd72a23bbfd3"}
}
